PART RANDOM
number of samples in training set: (37415, 295432), number of samples in test set: (16036, 295432)
Start evaluation ......
The testing time for random classification with priorportion-0 is 0.01 sec.
Test Set F1 = 0.8831581035508828
Train Set F1 = 0.9622224043268048
              precision    recall  f1-score   support

     Malware       0.94      0.83      0.88      2673
    Goodware       0.97      0.99      0.98     13363

    accuracy                           0.96     16036
   macro avg       0.95      0.91      0.93     16036
weighted avg       0.96      0.96      0.96     16036

Test Set F1 = 0.8831581035508828
              precision    recall  f1-score   support

     Malware       0.94      0.83      0.88      2673
    Goodware       0.97      0.99      0.98     13363

    accuracy                           0.96     16036
   macro avg       0.95      0.91      0.93     16036
weighted avg       0.96      0.96      0.96     16036

The specifics for theoretical bounds: random classification without prior
iteration in sum: 88
all parameters: 295432
C:1
weights: [[-0.65173986  0.80828854 -0.12433359 ... -0.24042252 -0.19589705
  -0.18680844]]
l1 norm:6.990276948228432, l2 norm:51.01371797978574
Calculating loss with priorportion-0....
get 100 weight distribution using for training set
loss results for training set for 100 weights: 0.5032126152612588±0.11546420386615855. 
get 100 weight distribution using for test set
loss results for test set for 100 weights: 0.4910669743078073±0.11498604009449667. 
PART HOLDOUT
all test samples, test good samples, test malware samples 6958 6004 954
number of samples in training set: 37415, number of samples in test set: 6958
Start evaluation ......
The testing time for holdout classification with priorportion-0 is 0.01 sec.
Test Set F1 = 0.677336747759283
Train Set F1 = 0.9622224043268048
              precision    recall  f1-score   support

     Malware       0.87      0.55      0.68       954
    Goodware       0.93      0.99      0.96      6004

    accuracy                           0.93      6958
   macro avg       0.90      0.77      0.82      6958
weighted avg       0.92      0.93      0.92      6958

Test Set F1 = 0.677336747759283
              precision    recall  f1-score   support

     Malware       0.87      0.55      0.68       954
    Goodware       0.93      0.99      0.96      6004

    accuracy                           0.93      6958
   macro avg       0.90      0.77      0.82      6958
weighted avg       0.92      0.93      0.92      6958

The specifics for theoretical bounds: holdout classification without prior
iteration in sum: 88
all parameters: 295432
C:1
weights: [[-0.65173986  0.80828854 -0.12433359 ... -0.24042252 -0.19589705
  -0.18680844]]
l1 norm:6.990276948228432, l2 norm:51.01371797978574
Calculating loss with priorportion-0....
get 100 weight distribution using for training set
loss results for training set for 100 weights: 0.4659943872778298±0.11035343718365727. 
get 100 weight distribution using for test set
loss results for test set for 100 weights: 0.488032480597873±0.06834868640679465. 
